# JRE version: Java(TM) SE Runtime Environment (8.0_151-b12) (build 1.8.0_151-b12)
# Java VM: Java HotSpot(TM) 64-Bit Server VM (25.151-b12 mixed mode windows-amd64 compressed oops)
Heap:
 PSYoungGen      total 449536K, used 144367K [0x00000000d5e00000, 0x00000000f4680000, 0x0000000100000000)
  eden space 407552K, 32% used [0x00000000d5e00000,0x00000000ddfd3620,0x00000000eec00000)
  from space 41984K, 27% used [0x00000000eec00000,0x00000000ef728968,0x00000000f1500000)
  to   space 33280K, 0% used [0x00000000f1500000,0x00000000f1500000,0x00000000f3580000)
 ParOldGen       total 162816K, used 90057K [0x0000000081a00000, 0x000000008b900000, 0x00000000d5e00000)
  object space 162816K, 55% used [0x0000000081a00000,0x00000000871f26c8,0x000000008b900000)
 Metaspace       used 20788K, capacity 21196K, committed 21376K, reserved 1069056K
  class space    used 2580K, capacity 2680K, committed 2688K, reserved 1048576K
GC Heap History (10 events):
Event: 14.829 GC heap before
{Heap before GC invocations=8 (full 0):
 PSYoungGen      total 145920K, used 145904K [0x00000000d5e00000, 0x00000000e8600000, 0x0000000100000000)
  eden space 132608K, 100% used [0x00000000d5e00000,0x00000000ddf80000,0x00000000ddf80000)
  from space 13312K, 99% used [0x00000000ddf80000,0x00000000dec7c010,0x00000000dec80000)
  to   space 18944K, 0% used [0x00000000e7380000,0x00000000e7380000,0x00000000e8600000)
 ParOldGen       total 87552K, used 26106K [0x0000000081a00000, 0x0000000086f80000, 0x00000000d5e00000)
  object space 87552K, 29% used [0x0000000081a00000,0x000000008337e800,0x0000000086f80000)
 Metaspace       used 19717K, capacity 20108K, committed 20352K, reserved 1067008K
  class space    used 2467K, capacity 2577K, committed 2688K, reserved 1048576K
Event: 14.859 GC heap after
Heap after GC invocations=8 (full 0):
 PSYoungGen      total 279040K, used 18944K [0x00000000d5e00000, 0x00000000e9000000, 0x0000000100000000)
  eden space 260096K, 0% used [0x00000000d5e00000,0x00000000d5e00000,0x00000000e5c00000)
  from space 18944K, 100% used [0x00000000e7380000,0x00000000e8600000,0x00000000e8600000)
  to   space 24064K, 0% used [0x00000000e5c00000,0x00000000e5c00000,0x00000000e7380000)
 ParOldGen       total 87552K, used 30968K [0x0000000081a00000, 0x0000000086f80000, 0x00000000d5e00000)
  object space 87552K, 35% used [0x0000000081a00000,0x000000008383e048,0x0000000086f80000)
 Metaspace       used 19717K, capacity 20108K, committed 20352K, reserved 1067008K
  class space    used 2467K, capacity 2577K, committed 2688K, reserved 1048576K
}
Event: 16.566 GC heap before
{Heap before GC invocations=9 (full 0):
 PSYoungGen      total 279040K, used 279040K [0x00000000d5e00000, 0x00000000e9000000, 0x0000000100000000)
  eden space 260096K, 100% used [0x00000000d5e00000,0x00000000e5c00000,0x00000000e5c00000)
  from space 18944K, 100% used [0x00000000e7380000,0x00000000e8600000,0x00000000e8600000)
  to   space 24064K, 0% used [0x00000000e5c00000,0x00000000e5c00000,0x00000000e7380000)
 ParOldGen       total 87552K, used 30968K [0x0000000081a00000, 0x0000000086f80000, 0x00000000d5e00000)
  object space 87552K, 35% used [0x0000000081a00000,0x000000008383e048,0x0000000086f80000)
 Metaspace       used 19717K, capacity 20108K, committed 20352K, reserved 1067008K
  class space    used 2467K, capacity 2577K, committed 2688K, reserved 1048576K
Event: 16.622 GC heap after
Heap after GC invocations=9 (full 0):
 PSYoungGen      total 284160K, used 24064K [0x00000000d5e00000, 0x00000000f3580000, 0x0000000100000000)
  eden space 260096K, 0% used [0x00000000d5e00000,0x00000000d5e00000,0x00000000e5c00000)
  from space 24064K, 100% used [0x00000000e5c00000,0x00000000e7380000,0x00000000e7380000)
  to   space 33280K, 0% used [0x00000000f1500000,0x00000000f1500000,0x00000000f3580000)
 ParOldGen       total 87552K, used 46008K [0x0000000081a00000, 0x0000000086f80000, 0x00000000d5e00000)
  object space 87552K, 52% used [0x0000000081a00000,0x00000000846ee078,0x0000000086f80000)
 Metaspace       used 19717K, capacity 20108K, committed 20352K, reserved 1067008K
  class space    used 2467K, capacity 2577K, committed 2688K, reserved 1048576K
}
Event: 18.012 GC heap before
{Heap before GC invocations=10 (full 0):
 PSYoungGen      total 284160K, used 284160K [0x00000000d5e00000, 0x00000000f3580000, 0x0000000100000000)
  eden space 260096K, 100% used [0x00000000d5e00000,0x00000000e5c00000,0x00000000e5c00000)
  from space 24064K, 100% used [0x00000000e5c00000,0x00000000e7380000,0x00000000e7380000)
  to   space 33280K, 0% used [0x00000000f1500000,0x00000000f1500000,0x00000000f3580000)
 ParOldGen       total 87552K, used 46008K [0x0000000081a00000, 0x0000000086f80000, 0x00000000d5e00000)
  object space 87552K, 52% used [0x0000000081a00000,0x00000000846ee078,0x0000000086f80000)
 Metaspace       used 19717K, capacity 20108K, committed 20352K, reserved 1067008K
  class space    used 2467K, capacity 2577K, committed 2688K, reserved 1048576K
Event: 18.064 GC heap after
Heap after GC invocations=10 (full 0):
 PSYoungGen      total 440832K, used 33248K [0x00000000d5e00000, 0x00000000f4680000, 0x0000000100000000)
  eden space 407552K, 0% used [0x00000000d5e00000,0x00000000d5e00000,0x00000000eec00000)
  from space 33280K, 99% used [0x00000000f1500000,0x00000000f3578010,0x00000000f3580000)
  to   space 41984K, 0% used [0x00000000eec00000,0x00000000eec00000,0x00000000f1500000)
 ParOldGen       total 87552K, used 56136K [0x0000000081a00000, 0x0000000086f80000, 0x00000000d5e00000)
  object space 87552K, 64% used [0x0000000081a00000,0x00000000850d2078,0x0000000086f80000)
 Metaspace       used 19717K, capacity 20108K, committed 20352K, reserved 1067008K
  class space    used 2467K, capacity 2577K, committed 2688K, reserved 1048576K
}
Event: 23.846 GC heap before
{Heap before GC invocations=11 (full 0):
 PSYoungGen      total 440832K, used 440800K [0x00000000d5e00000, 0x00000000f4680000, 0x0000000100000000)
  eden space 407552K, 100% used [0x00000000d5e00000,0x00000000eec00000,0x00000000eec00000)
  from space 33280K, 99% used [0x00000000f1500000,0x00000000f3578010,0x00000000f3580000)
  to   space 41984K, 0% used [0x00000000eec00000,0x00000000eec00000,0x00000000f1500000)
 ParOldGen       total 87552K, used 56136K [0x0000000081a00000, 0x0000000086f80000, 0x00000000d5e00000)
  object space 87552K, 64% used [0x0000000081a00000,0x00000000850d2078,0x0000000086f80000)
 Metaspace       used 20005K, capacity 20376K, committed 20608K, reserved 1067008K
  class space    used 2490K, capacity 2579K, committed 2688K, reserved 1048576K
Event: 23.938 GC heap after
Heap after GC invocations=11 (full 0):
 PSYoungGen      total 449536K, used 26770K [0x00000000d5e00000, 0x00000000f4680000, 0x0000000100000000)
  eden space 407552K, 0% used [0x00000000d5e00000,0x00000000d5e00000,0x00000000eec00000)
  from space 41984K, 63% used [0x00000000eec00000,0x00000000f0624910,0x00000000f1500000)
  to   space 33280K, 0% used [0x00000000f1500000,0x00000000f1500000,0x00000000f3580000)
 ParOldGen       total 90112K, used 89712K [0x0000000081a00000, 0x0000000087200000, 0x00000000d5e00000)
  object space 90112K, 99% used [0x0000000081a00000,0x000000008719c088,0x0000000087200000)
 Metaspace       used 20005K, capacity 20376K, committed 20608K, reserved 1067008K
  class space    used 2490K, capacity 2579K, committed 2688K, reserved 1048576K
}
Event: 23.938 GC heap before
{Heap before GC invocations=12 (full 1):
 PSYoungGen      total 449536K, used 26770K [0x00000000d5e00000, 0x00000000f4680000, 0x0000000100000000)
  eden space 407552K, 0% used [0x00000000d5e00000,0x00000000d5e00000,0x00000000eec00000)
  from space 41984K, 63% used [0x00000000eec00000,0x00000000f0624910,0x00000000f1500000)
  to   space 33280K, 0% used [0x00000000f1500000,0x00000000f1500000,0x00000000f3580000)
 ParOldGen       total 90112K, used 89712K [0x0000000081a00000, 0x0000000087200000, 0x00000000d5e00000)
  object space 90112K, 99% used [0x0000000081a00000,0x000000008719c088,0x0000000087200000)
 Metaspace       used 20005K, capacity 20376K, committed 20608K, reserved 1067008K
  class space    used 2490K, capacity 2579K, committed 2688K, reserved 1048576K
Event: 24.507 GC heap after
Heap after GC invocations=12 (full 1):
 PSYoungGen      total 449536K, used 11426K [0x00000000d5e00000, 0x00000000f4680000, 0x0000000100000000)
  eden space 407552K, 0% used [0x00000000d5e00000,0x00000000d5e00000,0x00000000eec00000)
  from space 41984K, 27% used [0x00000000eec00000,0x00000000ef728968,0x00000000f1500000)
  to   space 33280K, 0% used [0x00000000f1500000,0x00000000f1500000,0x00000000f3580000)
 ParOldGen       total 162816K, used 90057K [0x0000000081a00000, 0x000000008b900000, 0x00000000d5e00000)
  object space 162816K, 55% used [0x0000000081a00000,0x00000000871f26c8,0x000000008b900000)
 Metaspace       used 20005K, capacity 20376K, committed 20608K, reserved 1067008K
  class space    used 2490K, capacity 2579K, committed 2688K, reserved 1048576K
}

